<?xml version="1.0" encoding="UTF-8"?>
<!-- Generated by org.testng.reporters.JUnitReportReporter -->
<testsuite skipped="0" hostname="DESKTOP-JV6HP8P" name="day1.Practice" tests="1" failures="0" timestamp="11 Jun 2020 11:54:23 GMT" time="19.962" errors="0">
  <testcase name="getDimensions" time="19.962" classname="day1.Practice"/>
</testsuite> <!-- day1.Practice -->
