<?xml version="1.0" encoding="UTF-8"?>
<!-- Generated by org.testng.reporters.JUnitReportReporter -->
<testsuite skipped="0" hostname="DESKTOP-JV6HP8P" name="testing.B" tests="2" failures="0" timestamp="25 Mar 2017 19:37:33 GMT" time="0.033" errors="0">
  <testcase name="testcase1" time="0.027" classname="testing.B"/>
  <testcase name="testcase2" time="0.006" classname="testing.B"/>
</testsuite> <!-- testing.B -->
