<?xml version="1.0" encoding="UTF-8"?>
<!-- Generated by org.testng.reporters.JUnitReportReporter -->
<testsuite skipped="0" hostname="DESKTOP-JV6HP8P" name="testing.Facebook1" tests="1" failures="0" timestamp="02 Apr 2017 03:39:48 GMT" time="17.518" errors="0">
  <testcase name="method" time="17.518" classname="testing.Facebook1"/>
</testsuite> <!-- testing.Facebook1 -->
